\BOOKMARK [1][-]{section.0}{\376\377\0000\000\040\000I\000n\000t\000r\000o\000d\000u\000c\000t\000i\000o\000n}{}% 1
\BOOKMARK [2][-]{subsection.0.1}{\376\377\0000\000.\0001\000\040\000C\000o\000n\000v\000e\000n\000t\000i\000o\000n\000s\000\040\000o\000n\000\040\000i\000n\000f\000i\000n\000i\000t\000y\000-\000c\000a\000t\000e\000g\000o\000r\000i\000e\000s}{section.0}% 2
\BOOKMARK [1][-]{section.1}{\376\377\0001\000\040\000S\000t\000r\000a\000t\000i\000f\000i\000e\000d\000\040\000S\000p\000a\000c\000e\000s}{}% 3
\BOOKMARK [2][-]{subsection.1.1}{\376\377\0001\000.\0001\000\040\000F\000u\000n\000d\000a\000m\000e\000n\000t\000a\000l\000s\000\040\000o\000f\000\040\000S\000t\000r\000a\000t\000i\000f\000i\000e\000d\000\040\000S\000p\000a\000c\000e\000s}{section.1}% 4
\BOOKMARK [2][-]{subsection.1.2}{\376\377\0001\000.\0002\000\040\000S\000t\000r\000a\000t\000i\000f\000i\000e\000d\000\040\000M\000a\000n\000i\000f\000o\000l\000d\000s\000\040\000w\000i\000t\000h\000\040\000T\000a\000n\000g\000e\000n\000t\000i\000a\000l\000\040\000S\000t\000r\000u\000c\000t\000u\000r\000e}{section.1}% 5
\BOOKMARK [2][-]{subsection.1.3}{\376\377\0001\000.\0003\000\040\000U\000s\000e\000f\000u\000l\000\040\000i\000n\000f\000i\000n\000i\000t\000e\000-\000c\000a\000t\000e\000g\000o\000r\000i\000e\000s\000\040\000o\000f\000\040\000B\000a\000s\000i\000c\000s}{section.1}% 6
\BOOKMARK [1][-]{section.2}{\376\377\0002\000\040\000F\000a\000c\000t\000o\000r\000i\000z\000a\000t\000i\000o\000n\000\040\000H\000o\000m\000o\000l\000o\000g\000y}{}% 7
\BOOKMARK [2][-]{subsection.2.1}{\376\377\0002\000.\0001\000\040\000D\000i\000s\000k\000\040\000A\000l\000g\000e\000b\000r\000a\000s}{section.2}% 8
\BOOKMARK [2][-]{subsection.2.2}{\376\377\0002\000.\0002\000\040\000D\000e\000f\000i\000n\000i\000t\000i\000o\000n\000\040\000o\000f\000\040\000F\000a\000c\000t\000o\000r\000i\000z\000a\000t\000i\000o\000n\000\040\000H\000o\000m\000o\000l\000o\000g\000y}{section.2}% 9
\BOOKMARK [2][-]{subsection.2.3}{\376\377\0002\000.\0003\000\040\000D\000i\000s\000k\000\040\000A\000l\000g\000e\000b\000r\000a\000s\000\040\000o\000v\000e\000r\000\040\000O\000r\000i\000e\000n\000t\000e\000d\000\040\000I\000n\000t\000e\000r\000v\000a\000l\000s}{section.2}% 10
\BOOKMARK [2][-]{subsection.2.4}{\376\377\0002\000.\0004\000\040\000P\000u\000s\000h\000f\000o\000r\000w\000a\000r\000d}{section.2}% 11
\BOOKMARK [2][-]{subsection.2.5}{\376\377\0002\000.\0005\000\040\000t\000e\000n\000s\000o\000r\000-\000e\000x\000c\000i\000s\000i\000o\000n\000\040\000a\000n\000d\000\040\000H\000o\000m\000o\000l\000o\000g\000y\000\040\000T\000h\000e\000o\000r\000i\000e\000s}{section.2}% 12
\BOOKMARK [2][-]{subsection.2.6}{\376\377\0002\000.\0006\000\040\000C\000l\000a\000s\000s\000i\000f\000i\000c\000a\000t\000i\000o\000n\000\040\000o\000f\000\040\000d\000i\000s\000k\000d\000n\000*\000-\000a\000l\000g\000e\000b\000r\000a\000s}{section.2}% 13
\BOOKMARK [1][-]{section.3}{\376\377\0003\000\040\000F\000a\000c\000t\000o\000r\000i\000z\000a\000t\000i\000o\000n\000\040\000A\000l\000g\000e\000b\000r\000a\000s}{}% 14
\BOOKMARK [2][-]{subsection.3.1}{\376\377\0003\000.\0001\000\040\000D\000e\000f\000i\000n\000i\000t\000i\000o\000n\000\040\000o\000f\000\040\000F\000a\000c\000t\000o\000r\000i\000z\000a\000t\000i\000o\000n\000\040\000A\000l\000g\000e\000b\000r\000a\000s}{section.3}% 15
\BOOKMARK [2][-]{subsection.3.2}{\376\377\0003\000.\0002\000\040\000T\000h\000e\000\040\000i\000n\000f\000i\000n\000i\000t\000y\000\040\000o\000p\000e\000r\000a\000d\000\040\000o\000f\000\040\000F\000a\000c\000t\000o\000r\000i\000z\000a\000t\000i\000o\000n\000\040\000A\000l\000g\000e\000b\000r\000a\000s}{section.3}% 16
\BOOKMARK [2][-]{subsection.3.3}{\376\377\0003\000.\0003\000\040\000O\000p\000e\000r\000a\000t\000i\000o\000n\000s\000\040\000o\000n\000\040\000F\000a\000c\000t\000o\000r\000i\000z\000a\000t\000i\000o\000n\000\040\000A\000l\000g\000e\000b\000r\000a\000s}{section.3}% 17
\BOOKMARK [2][-]{subsection.3.4}{\376\377\0003\000.\0004\000\040\000F\000a\000c\000t\000o\000r\000i\000z\000a\000t\000i\000o\000n\000\040\000A\000l\000g\000e\000b\000r\000a\000s\000\040\000o\000n\000\040\000I\000n\000t\000e\000r\000v\000a\000l\000s}{section.3}% 18
\BOOKMARK [2][-]{subsection.3.5}{\376\377\0003\000.\0005\000\040\000F\000a\000c\000t\000o\000r\000i\000z\000a\000t\000i\000o\000n\000\040\000A\000l\000g\000e\000b\000r\000a\000s\000\040\000o\000n\000\040\000E\000u\000c\000l\000i\000d\000e\000a\000n\000\040\000S\000p\000a\000c\000e\000s}{section.3}% 19
\BOOKMARK [1][-]{section.4}{\376\377\0004\000\040\000C\000o\000l\000l\000a\000r\000-\000g\000l\000u\000i\000n\000g\000s\000\040\000a\000n\000d\000\040\000D\000i\000s\000k\000\040\000A\000l\000g\000e\000b\000r\000a\000s}{}% 20
\BOOKMARK [2][-]{subsection.4.1}{\376\377\0004\000.\0001\000\040\000T\000h\000e\000\040\000G\000l\000u\000i\000n\000g\000\040\000T\000h\000e\000o\000r\000e\000m}{section.4}% 21
\BOOKMARK [2][-]{subsection.4.2}{\376\377\0004\000.\0002\000\040\000S\000o\000m\000e\000\040\000E\000x\000a\000m\000p\000l\000e\000s\000\040\000o\000f\000\040\000G\000l\000u\000i\000n\000g}{section.4}% 22
\BOOKMARK [1][-]{section.5}{\376\377\0005\000\040\000T\000o\000w\000a\000r\000d\000s\000\040\000C\000l\000a\000s\000s\000i\000f\000y\000i\000n\000g\000\040\000F\000A\000l\000g\000l\000c\000\040\000o\000n\000\040\000D\000e\000f\000e\000c\000t\000\040\000M\000a\000n\000i\000f\000o\000l\000d\000s}{}% 23
\BOOKMARK [2][-]{subsection.5.1}{\376\377\0005\000.\0001\000\040\000E\000u\000c\000l\000i\000d\000e\000a\000n\000\040\000S\000p\000a\000c\000e\000s\000\040\000w\000i\000t\000h\000\040\000D\000e\000f\000e\000c\000t\000s}{section.5}% 24
\BOOKMARK [2][-]{subsection.5.2}{\376\377\0005\000.\0002\000\040\000T\000h\000e\000\040\000G\000e\000n\000e\000r\000a\000l\000\040\000C\000a\000s\000e\000\040\000o\000f\000\040\000M\000\040\000S\000i\000g\000m\000a}{section.5}% 25
